2025-10-13 22:22:01.938 ------------------------------------------------------
2025-10-13 22:22:01.938 SoftEther VPN Server Developer Edition Version 5.02 Build 5187 (Simplified_Chinese)
2025-10-13 22:22:01.938 Compiled 2025/07/18 12:36:05 by runneradmin at runnervm51nrn
2025-10-13 22:22:01.938 Log Messages are written with UTF-8 Encoding Format.
2025-10-13 22:22:01.938 SoftEther VPN Server 已启动。
2025-10-13 22:22:01.938 IPsec 模块: IPsec 2.0 版 (ISAKMP/IKEv1) 处理模块已开启。
2025-10-13 22:22:01.938 正在装载配置文件。
2025-10-13 22:22:01.939 配置文件不存在，请尝试使用初始设置。
2025-10-13 22:22:02.073 虚拟 HUB "DEFAULT" 已启动。
2025-10-13 22:22:02.073 虚拟 HUB "DEFAULT" 的 MAC 地址是 "00-AE-DB-9A-2E-52"。
2025-10-13 22:22:02.073 [HUB "DEFAULT"] 虚拟 HUB 现在在线。
2025-10-13 22:22:02.074 正在启动 TCP 监听器 (端口 443)。
2025-10-13 22:22:02.074 正在启动 TCP 监听器 (端口 992)。
2025-10-13 22:22:02.074 无法为 TCP 监听器 (端口 443) 设置端口为监听状态。请隔一段时间再尝试，直到成功。
2025-10-13 22:22:02.075 已启动 TCP 监听器 (端口 992)。现在开始监听客户端连接。
2025-10-13 22:22:02.076 正在启动 TCP 监听器 (端口 1194)。
2025-10-13 22:22:02.076 正在启动 TCP 监听器 (端口 5555)。
2025-10-13 22:22:02.076 已启动 TCP 监听器 (端口 1194)。现在开始监听客户端连接。
2025-10-13 22:22:02.077 已启动 TCP 监听器 (端口 5555)。现在开始监听客户端连接。
2025-10-13 22:22:02.077 正在监控目录 "C:\Program Files\SoftEther VPN Server Developer Edition"。如果可用磁盘空间变得小于 8.00 GBytes，此目录和其子目录下的日志文件和配置文件的备份文件将按照从旧到新的顺序被自动删除。决定何时开始删除的可用磁盘空间大小，可以在配置文件的“AutoDeleteCheckDiskFreeSpaceMin”项目中修改。
2025-10-13 22:22:02.077 开始自动保存后台任务。自动保存间隔为 300 秒。您可以在配置文件中通过修改 AutoSaveConfigSpan 参数来修改自动保存间隔。
2025-10-13 22:22:35.323 在 TCP 监听器(端口 5555)上，客户端 (IP 地址 ::1，主机名 "DESKTOP-ESTVOVF"，端口号 58185) 的连接已建立。
2025-10-13 22:22:35.323 客户端 (IP 地址：::1，主机名："DESKTOP-ESTVOVF"，端口号：58185) 的连接 "CID-1" 已建立。
2025-10-13 22:22:35.355 连接 "CID-1" 的 SSL 通信已启动。协议版本是 TLSv1.3。加密算法名为 "TLS_AES_256_GCM_SHA384"。
2025-10-13 22:22:35.357 连接 "CID-1" 使用服务端管理员模式连接。
2025-10-13 22:22:35.357 连接 "CID-1" 无法使用管理员模式登录。访问被拒绝。 (错误码 12)
2025-10-13 22:22:35.393 连接 "CID-1"因原因 "没有任何错误。" (代码 0)已终止。
2025-10-13 22:22:35.393 连接 "CID-1" 已结束。
2025-10-13 22:22:35.393 与客户端 (IP 地址 ::1，端口号 58185) 的连接已断开。
2025-10-13 22:22:38.986 在 TCP 监听器(端口 5555)上，客户端 (IP 地址 ::1，主机名 "DESKTOP-ESTVOVF"，端口号 58187) 的连接已建立。
2025-10-13 22:22:38.986 客户端 (IP 地址：::1，主机名："DESKTOP-ESTVOVF"，端口号：58187) 的连接 "CID-2" 已建立。
2025-10-13 22:22:39.031 连接 "CID-2" 的 SSL 通信已启动。协议版本是 TLSv1.3。加密算法名为 "TLS_AES_256_GCM_SHA384"。
2025-10-13 22:22:39.032 连接 "CID-2" 使用服务端管理员模式连接。
2025-10-13 22:22:39.032 连接 "CID-2" 无法使用管理员模式登录。访问被拒绝。 (错误码 12)
2025-10-13 22:22:39.066 连接 "CID-2"因原因 "没有任何错误。" (代码 0)已终止。
2025-10-13 22:22:39.066 连接 "CID-2" 已结束。
2025-10-13 22:22:39.066 与客户端 (IP 地址 ::1，端口号 58187) 的连接已断开。
2025-10-13 22:22:42.642 在 TCP 监听器(端口 5555)上，客户端 (IP 地址 ::1，主机名 "DESKTOP-ESTVOVF"，端口号 58190) 的连接已建立。
2025-10-13 22:22:42.642 客户端 (IP 地址：::1，主机名："DESKTOP-ESTVOVF"，端口号：58190) 的连接 "CID-3" 已建立。
2025-10-13 22:22:42.685 连接 "CID-3" 的 SSL 通信已启动。协议版本是 TLSv1.3。加密算法名为 "TLS_AES_256_GCM_SHA384"。
2025-10-13 22:22:42.685 连接 "CID-3" 使用服务端管理员模式连接。
2025-10-13 22:22:42.685 连接 "CID-3" 无法使用管理员模式登录。访问被拒绝。 (错误码 12)
2025-10-13 22:22:42.720 连接 "CID-3"因原因 "没有任何错误。" (代码 0)已终止。
2025-10-13 22:22:42.720 连接 "CID-3" 已结束。
2025-10-13 22:22:42.720 与客户端 (IP 地址 ::1，端口号 58190) 的连接已断开。
2025-10-13 22:22:45.021 在 TCP 监听器(端口 5555)上，客户端 (IP 地址 ::1，主机名 "DESKTOP-ESTVOVF"，端口号 58192) 的连接已建立。
2025-10-13 22:22:45.021 客户端 (IP 地址：::1，主机名："DESKTOP-ESTVOVF"，端口号：58192) 的连接 "CID-4" 已建立。
2025-10-13 22:22:45.065 连接 "CID-4" 的 SSL 通信已启动。协议版本是 TLSv1.3。加密算法名为 "TLS_AES_256_GCM_SHA384"。
2025-10-13 22:22:45.065 连接 "CID-4" 使用服务端管理员模式连接。
2025-10-13 22:22:45.065 连接 "CID-4" 无法使用管理员模式登录。访问被拒绝。 (错误码 12)
2025-10-13 22:22:45.102 连接 "CID-4"因原因 "没有任何错误。" (代码 0)已终止。
2025-10-13 22:22:45.102 连接 "CID-4" 已结束。
2025-10-13 22:22:45.102 与客户端 (IP 地址 ::1，端口号 58192) 的连接已断开。
2025-10-13 22:22:47.765 在 TCP 监听器(端口 5555)上，客户端 (IP 地址 ::1，主机名 "DESKTOP-ESTVOVF"，端口号 58193) 的连接已建立。
2025-10-13 22:22:47.765 客户端 (IP 地址：::1，主机名："DESKTOP-ESTVOVF"，端口号：58193) 的连接 "CID-5" 已建立。
2025-10-13 22:22:47.810 连接 "CID-5" 的 SSL 通信已启动。协议版本是 TLSv1.3。加密算法名为 "TLS_AES_256_GCM_SHA384"。
2025-10-13 22:22:47.811 连接 "CID-5" 使用服务端管理员模式连接。
2025-10-13 22:22:47.811 连接 "CID-5" 无法使用管理员模式登录。访问被拒绝。 (错误码 12)
2025-10-13 22:22:47.845 连接 "CID-5"因原因 "没有任何错误。" (代码 0)已终止。
2025-10-13 22:22:47.845 连接 "CID-5" 已结束。
2025-10-13 22:22:47.845 与客户端 (IP 地址 ::1，端口号 58193) 的连接已断开。
2025-10-13 22:22:51.241 在 TCP 监听器(端口 5555)上，客户端 (IP 地址 ::1，主机名 "DESKTOP-ESTVOVF"，端口号 58196) 的连接已建立。
2025-10-13 22:22:51.241 客户端 (IP 地址：::1，主机名："DESKTOP-ESTVOVF"，端口号：58196) 的连接 "CID-6" 已建立。
2025-10-13 22:22:51.284 连接 "CID-6" 的 SSL 通信已启动。协议版本是 TLSv1.3。加密算法名为 "TLS_AES_256_GCM_SHA384"。
2025-10-13 22:22:51.284 连接 "CID-6" 使用服务端管理员模式连接。
2025-10-13 22:22:51.284 连接 "CID-6" 无法使用管理员模式登录。访问被拒绝。 (错误码 12)
2025-10-13 22:22:51.322 连接 "CID-6"因原因 "没有任何错误。" (代码 0)已终止。
2025-10-13 22:22:51.322 连接 "CID-6" 已结束。
2025-10-13 22:22:51.322 与客户端 (IP 地址 ::1，端口号 58196) 的连接已断开。
2025-10-13 22:22:55.378 在 TCP 监听器(端口 5555)上，客户端 (IP 地址 ::1，主机名 "DESKTOP-ESTVOVF"，端口号 58200) 的连接已建立。
2025-10-13 22:22:55.378 客户端 (IP 地址：::1，主机名："DESKTOP-ESTVOVF"，端口号：58200) 的连接 "CID-7" 已建立。
2025-10-13 22:22:55.417 连接 "CID-7" 的 SSL 通信已启动。协议版本是 TLSv1.3。加密算法名为 "TLS_AES_256_GCM_SHA384"。
2025-10-13 22:22:55.418 连接 "CID-7" 使用服务端管理员模式连接。
2025-10-13 22:22:55.418 连接 "CID-7" 无法使用管理员模式登录。访问被拒绝。 (错误码 12)
2025-10-13 22:22:55.449 连接 "CID-7"因原因 "没有任何错误。" (代码 0)已终止。
2025-10-13 22:22:55.449 连接 "CID-7" 已结束。
2025-10-13 22:22:55.449 与客户端 (IP 地址 ::1，端口号 58200) 的连接已断开。
2025-10-13 22:22:57.643 在 TCP 监听器(端口 5555)上，客户端 (IP 地址 ::1，主机名 "DESKTOP-ESTVOVF"，端口号 58201) 的连接已建立。
2025-10-13 22:22:57.643 客户端 (IP 地址：::1，主机名："DESKTOP-ESTVOVF"，端口号：58201) 的连接 "CID-8" 已建立。
2025-10-13 22:22:57.680 连接 "CID-8" 的 SSL 通信已启动。协议版本是 TLSv1.3。加密算法名为 "TLS_AES_256_GCM_SHA384"。
2025-10-13 22:22:57.681 连接 "CID-8" 使用服务端管理员模式连接。
2025-10-13 22:22:57.681 连接 "CID-8" 无法使用管理员模式登录。访问被拒绝。 (错误码 12)
2025-10-13 22:22:57.716 连接 "CID-8"因原因 "没有任何错误。" (代码 0)已终止。
2025-10-13 22:22:57.716 连接 "CID-8" 已结束。
2025-10-13 22:22:57.716 与客户端 (IP 地址 ::1，端口号 58201) 的连接已断开。
2025-10-13 22:22:59.934 在 TCP 监听器(端口 5555)上，客户端 (IP 地址 ::1，主机名 "DESKTOP-ESTVOVF"，端口号 58204) 的连接已建立。
2025-10-13 22:22:59.934 客户端 (IP 地址：::1，主机名："DESKTOP-ESTVOVF"，端口号：58204) 的连接 "CID-9" 已建立。
2025-10-13 22:22:59.975 连接 "CID-9" 的 SSL 通信已启动。协议版本是 TLSv1.3。加密算法名为 "TLS_AES_256_GCM_SHA384"。
2025-10-13 22:22:59.976 连接 "CID-9" 使用服务端管理员模式连接。
2025-10-13 22:22:59.976 连接 "CID-9" 无法使用管理员模式登录。访问被拒绝。 (错误码 12)
2025-10-13 22:23:00.011 连接 "CID-9"因原因 "没有任何错误。" (代码 0)已终止。
2025-10-13 22:23:00.011 连接 "CID-9" 已结束。
2025-10-13 22:23:00.011 与客户端 (IP 地址 ::1，端口号 58204) 的连接已断开。
2025-10-13 22:23:06.179 在 TCP 监听器(端口 5555)上，客户端 (IP 地址 ::1，主机名 "DESKTOP-ESTVOVF"，端口号 58205) 的连接已建立。
2025-10-13 22:23:06.179 客户端 (IP 地址：::1，主机名："DESKTOP-ESTVOVF"，端口号：58205) 的连接 "CID-10" 已建立。
2025-10-13 22:23:06.223 连接 "CID-10" 的 SSL 通信已启动。协议版本是 TLSv1.3。加密算法名为 "TLS_AES_256_GCM_SHA384"。
2025-10-13 22:23:06.224 连接 "CID-10" 使用服务端管理员模式连接。
2025-10-13 22:23:06.224 连接 "CID-10" 无法使用管理员模式登录。访问被拒绝。 (错误码 12)
2025-10-13 22:23:06.259 连接 "CID-10"因原因 "没有任何错误。" (代码 0)已终止。
2025-10-13 22:23:06.259 连接 "CID-10" 已结束。
2025-10-13 22:23:06.259 与客户端 (IP 地址 ::1，端口号 58205) 的连接已断开。
2025-10-13 22:23:17.452 在 TCP 监听器(端口 443)上，客户端 (IP 地址 ::1，主机名 "DESKTOP-ESTVOVF"，端口号 58206) 的连接已建立。
2025-10-13 22:23:17.452 客户端 (IP 地址：::1，主机名："DESKTOP-ESTVOVF"，端口号：58206) 的连接 "CID-11" 已建立。
2025-10-13 22:23:17.489 连接 "CID-11" 的 SSL 通信已启动。协议版本是 TLSv1.3。加密算法名为 "TLS_AES_256_GCM_SHA384"。
2025-10-13 22:23:17.489 连接 "CID-11" 使用服务端管理员模式连接。
2025-10-13 22:23:17.489 连接 "CID-11" 成功使用管理员模式登录。
2025-10-13 22:23:17.490 连接 "CID-11" 为管理员模式成功创建了一个远程程序呼叫会话 "RPC-2532"。
2025-10-13 22:23:22.239 管理模式 "RPC-2532":服务端管理员密码设置完成。
2025-10-13 22:23:35.485 管理模式 "RPC-2532":IPsec 服务器设置是更新的。
2025-10-13 22:23:36.720 连接 "CID-11"因原因 "没有任何错误。" (代码 0)已终止。
2025-10-13 22:23:36.720 连接 "CID-11" 已结束。
2025-10-13 22:23:36.720 与客户端 (IP 地址 ::1，端口号 58206) 的连接已断开。
