2025-10-18 07:11:51.202 ------------------------------------------------------
2025-10-18 07:11:51.202 SoftEther VPN Server Developer Edition Version 5.02 Build 5187 (Simplified_Chinese)
2025-10-18 07:11:51.202 Compiled 2025/07/18 12:36:05 by runneradmin at runnervm51nrn
2025-10-18 07:11:51.202 Log Messages are written with UTF-8 Encoding Format.
2025-10-18 07:11:51.202 SoftEther VPN Server 已启动。
2025-10-18 07:11:51.202 IPsec 模块: IPsec 2.0 版 (ISAKMP/IKEv1) 处理模块已开启。
2025-10-18 07:11:51.202 正在装载配置文件。
2025-10-18 07:11:51.534 正在监控目录 "C:\Program Files\SoftEther VPN Server Developer Edition"。如果可用磁盘空间变得小于 8.00 GBytes，此目录和其子目录下的日志文件和配置文件的备份文件将按照从旧到新的顺序被自动删除。决定何时开始删除的可用磁盘空间大小，可以在配置文件的“AutoDeleteCheckDiskFreeSpaceMin”项目中修改。
2025-10-18 07:11:51.618 虚拟 HUB "VPN" 已启动。
2025-10-18 07:11:51.618 虚拟 HUB "VPN" 的 MAC 地址是 "00-AE-F8-B5-4D-16"。
2025-10-18 07:11:51.634 [HUB "VPN"] 已启动 SecureNAT。已创建 SecureNAT 会话 "SID-SECURENAT-1"。
2025-10-18 07:11:51.634 [HUB "VPN"] 虚拟 HUB 现在在线。
2025-10-18 07:11:51.834 正在启动 TCP 监听器 (端口 443)。
2025-10-18 07:11:51.834 正在启动 TCP 监听器 (端口 992)。
2025-10-18 07:11:51.834 已启动 TCP 监听器 (端口 443)。现在开始监听客户端连接。
2025-10-18 07:11:51.834 已启动 TCP 监听器 (端口 992)。现在开始监听客户端连接。
2025-10-18 07:11:51.834 正在启动 TCP 监听器 (端口 1194)。
2025-10-18 07:11:51.834 已启动 TCP 监听器 (端口 1194)。现在开始监听客户端连接。
2025-10-18 07:11:51.834 正在启动 TCP 监听器 (端口 5555)。
2025-10-18 07:11:51.834 已启动 TCP 监听器 (端口 5555)。现在开始监听客户端连接。
2025-10-18 07:11:51.834 已装载配置文件。
2025-10-18 07:11:51.834 开始自动保存后台任务。自动保存间隔为 300 秒。您可以在配置文件中通过修改 AutoSaveConfigSpan 参数来修改自动保存间隔。
2025-10-18 07:37:28.350 ------------------------------------------------------
2025-10-18 07:37:28.350 SoftEther VPN Server Developer Edition Version 5.02 Build 5187 (Simplified_Chinese)
2025-10-18 07:37:28.350 Compiled 2025/07/18 12:36:05 by runneradmin at runnervm51nrn
2025-10-18 07:37:28.350 Log Messages are written with UTF-8 Encoding Format.
2025-10-18 07:37:28.350 SoftEther VPN Server 已启动。
2025-10-18 07:37:28.350 IPsec 模块: IPsec 2.0 版 (ISAKMP/IKEv1) 处理模块已开启。
2025-10-18 07:37:28.350 正在装载配置文件。
2025-10-18 07:37:28.569 正在监控目录 "C:\Program Files\SoftEther VPN Server Developer Edition"。如果可用磁盘空间变得小于 8.00 GBytes，此目录和其子目录下的日志文件和配置文件的备份文件将按照从旧到新的顺序被自动删除。决定何时开始删除的可用磁盘空间大小，可以在配置文件的“AutoDeleteCheckDiskFreeSpaceMin”项目中修改。
2025-10-18 07:37:28.584 虚拟 HUB "VPN" 已启动。
2025-10-18 07:37:28.584 虚拟 HUB "VPN" 的 MAC 地址是 "00-AE-58-4D-FE-E7"。
2025-10-18 07:37:28.600 [HUB "VPN"] 已启动 SecureNAT。已创建 SecureNAT 会话 "SID-SECURENAT-1"。
2025-10-18 07:37:28.600 [HUB "VPN"] 虚拟 HUB 现在在线。
2025-10-18 07:37:28.912 正在启动 TCP 监听器 (端口 443)。
2025-10-18 07:37:28.912 已启动 TCP 监听器 (端口 443)。现在开始监听客户端连接。
2025-10-18 07:37:28.912 正在启动 TCP 监听器 (端口 992)。
2025-10-18 07:37:28.912 已启动 TCP 监听器 (端口 992)。现在开始监听客户端连接。
2025-10-18 07:37:28.912 正在启动 TCP 监听器 (端口 1194)。
2025-10-18 07:37:28.912 已启动 TCP 监听器 (端口 1194)。现在开始监听客户端连接。
2025-10-18 07:37:28.912 正在启动 TCP 监听器 (端口 5555)。
2025-10-18 07:37:28.912 已启动 TCP 监听器 (端口 5555)。现在开始监听客户端连接。
2025-10-18 07:37:28.912 已装载配置文件。
2025-10-18 07:37:28.912 开始自动保存后台任务。自动保存间隔为 300 秒。您可以在配置文件中通过修改 AutoSaveConfigSpan 参数来修改自动保存间隔。
2025-10-18 09:26:51.349 服务端引擎关闭进程已启动。
2025-10-18 09:26:51.349 将停止所有 TCP 监听器。
2025-10-18 09:26:51.349 正在停止 TCP 监听器(端口 443)
2025-10-18 09:26:51.390 已停止 TCP 监听器(端口 443)
2025-10-18 09:26:51.390 正在停止 TCP 监听器(端口 992)
2025-10-18 09:26:51.422 已停止 TCP 监听器(端口 992)
2025-10-18 09:26:51.422 正在停止 TCP 监听器(端口 1194)
2025-10-18 09:26:51.484 已停止 TCP 监听器(端口 1194)
2025-10-18 09:26:51.484 正在停止 TCP 监听器(端口 5555)
2025-10-18 09:26:51.547 已停止 TCP 监听器(端口 5555)
2025-10-18 09:26:51.547 已停止所有 TCP 监听器。
2025-10-18 09:26:51.547 正在停止所有虚拟 HUB。
2025-10-18 09:26:51.547 [HUB "VPN"] 虚拟 HUB 现在离线。
2025-10-18 09:26:51.812 [HUB "VPN"] 已停止 SecureNAT。
2025-10-18 09:26:51.968 虚拟 HUB "VPN" 已关闭。
2025-10-18 09:26:51.968 已停止所有虚拟 HUB。
2025-10-18 09:26:52.859 IPsec 模块: IPsec 2.0 版 (ISAKMP/IKEv1) 处理模块现在正在关闭。
2025-10-18 09:26:52.859 IPsec 模块: 在关机时刻, 余下的 IPsec SA 数量是 0。
2025-10-18 09:26:52.859 IPsec 模块: 在关机时刻, 余下的 IKE SA 数量是 0。
2025-10-18 09:26:52.859 IPsec 模块: 在关机时刻, 余下的 IKE 客户端数量是 0。
2025-10-18 09:26:52.859 IPsec 模块: IPsec 2.0 版 (ISAKMP/IKEv1) 处理模块已正常关闭。
2025-10-18 09:27:44.193 正在关闭 Cedar 通信模块。
2025-10-18 09:27:44.193 已关闭 Cedar 通信模块。
2025-10-18 09:27:44.193 SoftEther VPN Server 引擎已成功关闭。
2025-10-18 09:27:44.193 ------------------------------------------------------
2025-10-18 09:28:57.657 ------------------------------------------------------
2025-10-18 09:28:57.657 SoftEther VPN Server Developer Edition Version 5.02 Build 5187 (Simplified_Chinese)
2025-10-18 09:28:57.657 Compiled 2025/07/18 12:36:05 by runneradmin at runnervm51nrn
2025-10-18 09:28:57.657 Log Messages are written with UTF-8 Encoding Format.
2025-10-18 09:28:57.657 SoftEther VPN Server 已启动。
2025-10-18 09:28:58.026 IPsec 模块: IPsec 2.0 版 (ISAKMP/IKEv1) 处理模块已开启。
2025-10-18 09:28:58.026 正在装载配置文件。
2025-10-18 09:28:58.173 正在监控目录 "C:\Program Files\SoftEther VPN Server Developer Edition"。如果可用磁盘空间变得小于 8.00 GBytes，此目录和其子目录下的日志文件和配置文件的备份文件将按照从旧到新的顺序被自动删除。决定何时开始删除的可用磁盘空间大小，可以在配置文件的“AutoDeleteCheckDiskFreeSpaceMin”项目中修改。
2025-10-18 09:28:58.558 虚拟 HUB "VPN" 已启动。
2025-10-18 09:28:58.558 虚拟 HUB "VPN" 的 MAC 地址是 "00-AE-C5-8D-48-D8"。
2025-10-18 09:28:58.712 [HUB "VPN"] 已启动 SecureNAT。已创建 SecureNAT 会话 "SID-SECURENAT-1"。
2025-10-18 09:28:58.712 [HUB "VPN"] 虚拟 HUB 现在在线。
2025-10-18 09:28:58.743 正在启动 TCP 监听器 (端口 443)。
2025-10-18 09:28:58.743 已启动 TCP 监听器 (端口 443)。现在开始监听客户端连接。
2025-10-18 09:28:58.743 正在启动 TCP 监听器 (端口 992)。
2025-10-18 09:28:58.743 已启动 TCP 监听器 (端口 992)。现在开始监听客户端连接。
2025-10-18 09:28:58.743 正在启动 TCP 监听器 (端口 1194)。
2025-10-18 09:28:58.743 已启动 TCP 监听器 (端口 1194)。现在开始监听客户端连接。
2025-10-18 09:28:58.743 正在启动 TCP 监听器 (端口 5555)。
2025-10-18 09:28:58.743 已启动 TCP 监听器 (端口 5555)。现在开始监听客户端连接。
2025-10-18 09:28:58.743 已装载配置文件。
2025-10-18 09:28:58.743 开始自动保存后台任务。自动保存间隔为 300 秒。您可以在配置文件中通过修改 AutoSaveConfigSpan 参数来修改自动保存间隔。
